生成启动时间为 2016/3/31 11:35:33。
     1>项目“H:\workspace\SceneEnhancement\SceneEnhancement\SceneEnhancement.vcxproj”在节点 2 上(Build 个目标)。
     1>ClCompile:
         C:\Program Files (x86)\Microsoft Visual Studio 14.0\VC\bin\x86_amd64\CL.exe /c /I. /IH:\SDK\Qt\5.6\msvc2015_64\include /I.\GeneratedFiles\Debug /IH:\SDK\Qt\5.6\msvc2015_64\include\QtCore /IH:\SDK\Qt\5.6\msvc2015_64\include\QtOpenGL /IH:\SDK\Qt\5.6\msvc2015_64\include\QtWidgets /IH:\SDK\Qt\5.6\msvc2015_64\include\QtGui /IH:\SDK\Qt\5.6\msvc2015_64\include\ActiveQt /Zi /nologo /W1 /WX- /Od /D UNICODE /D WIN32 /D WIN64 /D QT_DLL /D QT_CORE_LIB /D QT_OPENGL_LIB /D QT_WIDGETS_LIB /D QT_GUI_LIB /Gm- /EHsc /MDd /GS /fp:precise /Zc:wchar_t /Zc:forScope /Zc:inline /Fo"x64\Debug\\" /Fd"x64\Debug\vc140.pdb" /Gd /TP /errorReport:prompt Model.cpp
         Model.cpp
       Link:
         C:\Program Files (x86)\Microsoft Visual Studio 14.0\VC\bin\x86_amd64\link.exe /ERRORREPORT:PROMPT /OUT:"H:\workspace\SceneEnhancement\x64\Debug\\SceneEnhancement.exe" /NOLOGO /LIBPATH:H:\SDK\Qt\5.6\msvc2015_64\lib qtmaind.lib Qt5Cored.lib Qt5OpenGLd.lib opengl32.lib glu32.lib Qt5Widgetsd.lib Qt5Guid.lib Qt5AxContainerd.lib Qt5AxBased.lib assimp.lib kernel32.lib user32.lib gdi32.lib winspool.lib comdlg32.lib advapi32.lib shell32.lib ole32.lib oleaut32.lib uuid.lib odbc32.lib odbccp32.lib /MANIFEST /MANIFESTUAC:"level='asInvoker' uiAccess='false'" /manifest:embed /Debug /PDB:"H:\workspace\SceneEnhancement\x64\Debug\SceneEnhancement.pdb" /SUBSYSTEM:CONSOLE /TLBID:1 /DYNAMICBASE /NXCOMPAT /IMPLIB:"H:\workspace\SceneEnhancement\x64\Debug\SceneEnhancement.lib" /MACHINE:X64 x64\Debug\Assets.obj
         x64\Debug\DecorationModel.obj
         x64\Debug\WallFloorModel.obj
         x64\Debug\BoundingBox.obj
         x64\Debug\DisplayGLWidget.obj
         x64\Debug\DisplaySceneGLWidget.obj
         x64\Debug\FurnitureModel.obj
         x64\Debug\moc_DisplayGLWidget.obj
         x64\Debug\moc_DisplaySceneGLWidget.obj
         x64\Debug\moc_mainwindow.obj
         x64\Debug\Light.obj
         x64\Debug\main.obj
         x64\Debug\mainwindow.obj
         x64\Debug\Material.obj
         x64\Debug\Mesh.obj
         x64\Debug\Model.obj
         x64\Debug\MyVector3D.obj
         x64\Debug\Parameter.obj
         x64\Debug\Texture.obj
         x64\Debug\Utility.obj
         x64\Debug\WallFloorMesh.obj
         SceneEnhancement.vcxproj -> H:\workspace\SceneEnhancement\x64\Debug\SceneEnhancement.exe
     1>已完成生成项目“H:\workspace\SceneEnhancement\SceneEnhancement\SceneEnhancement.vcxproj”(Build 个目标)的操作。

已成功生成。

已用时间 00:00:02.13
